[2025-06-07 00:16:37,264][sentence_transformers.SentenceTransformer][INFO] - Load pretrained SentenceTransformer: sentence-transformers/all-MiniLM-L6-v2
[2025-06-07 00:16:39,456][sentence_transformers.SentenceTransformer][INFO] - 2 prompts are loaded, with the keys: ['query', 'text']
[2025-06-07 00:16:49,912][llama_index.core.indices.loading][INFO] - Loading all indices.
[2025-06-07 00:16:50,134][httpx][INFO] - HTTP Request: POST http://localhost:11434/api/show "HTTP/1.1 200 OK"
[2025-06-07 00:16:51,101][httpx][INFO] - HTTP Request: POST http://localhost:11434/api/chat "HTTP/1.1 200 OK"
[2025-06-07 00:16:51,319][httpx][INFO] - HTTP Request: POST http://localhost:11434/api/chat "HTTP/1.1 200 OK"
[2025-06-07 00:16:51,521][httpx][INFO] - HTTP Request: POST http://localhost:11434/api/chat "HTTP/1.1 200 OK"
[2025-06-07 00:16:51,749][httpx][INFO] - HTTP Request: POST http://localhost:11434/api/chat "HTTP/1.1 200 OK"
[2025-06-07 00:16:51,955][httpx][INFO] - HTTP Request: POST http://localhost:11434/api/chat "HTTP/1.1 200 OK"
[2025-06-07 00:16:52,159][httpx][INFO] - HTTP Request: POST http://localhost:11434/api/chat "HTTP/1.1 200 OK"
[2025-06-07 00:16:52,401][httpx][INFO] - HTTP Request: POST http://localhost:11434/api/chat "HTTP/1.1 200 OK"
[2025-06-07 00:16:52,594][httpx][INFO] - HTTP Request: POST http://localhost:11434/api/chat "HTTP/1.1 200 OK"
[2025-06-07 00:16:52,808][httpx][INFO] - HTTP Request: POST http://localhost:11434/api/chat "HTTP/1.1 200 OK"
[2025-06-07 00:16:53,049][httpx][INFO] - HTTP Request: POST http://localhost:11434/api/chat "HTTP/1.1 200 OK"
[2025-06-07 00:16:53,365][httpx][INFO] - HTTP Request: POST http://localhost:11434/api/chat "HTTP/1.1 200 OK"
[2025-06-07 00:16:53,572][httpx][INFO] - HTTP Request: POST http://localhost:11434/api/chat "HTTP/1.1 200 OK"
[2025-06-07 00:16:53,815][httpx][INFO] - HTTP Request: POST http://localhost:11434/api/chat "HTTP/1.1 200 OK"
[2025-06-07 00:16:54,088][httpx][INFO] - HTTP Request: POST http://localhost:11434/api/chat "HTTP/1.1 200 OK"
[2025-06-07 00:16:54,318][httpx][INFO] - HTTP Request: POST http://localhost:11434/api/chat "HTTP/1.1 200 OK"
[2025-06-07 00:16:54,514][httpx][INFO] - HTTP Request: POST http://localhost:11434/api/chat "HTTP/1.1 200 OK"
[2025-06-07 00:16:54,717][httpx][INFO] - HTTP Request: POST http://localhost:11434/api/chat "HTTP/1.1 200 OK"
[2025-06-07 00:16:54,913][httpx][INFO] - HTTP Request: POST http://localhost:11434/api/chat "HTTP/1.1 200 OK"
[2025-06-07 00:16:55,164][httpx][INFO] - HTTP Request: POST http://localhost:11434/api/chat "HTTP/1.1 200 OK"
[2025-06-07 00:16:55,366][httpx][INFO] - HTTP Request: POST http://localhost:11434/api/chat "HTTP/1.1 200 OK"
[2025-06-07 00:16:55,569][httpx][INFO] - HTTP Request: POST http://localhost:11434/api/chat "HTTP/1.1 200 OK"
[2025-06-07 00:16:55,837][httpx][INFO] - HTTP Request: POST http://localhost:11434/api/chat "HTTP/1.1 200 OK"
[2025-06-07 00:16:56,041][httpx][INFO] - HTTP Request: POST http://localhost:11434/api/chat "HTTP/1.1 200 OK"
[2025-06-07 00:16:56,246][httpx][INFO] - HTTP Request: POST http://localhost:11434/api/chat "HTTP/1.1 200 OK"
[2025-06-07 00:16:56,448][httpx][INFO] - HTTP Request: POST http://localhost:11434/api/chat "HTTP/1.1 200 OK"
[2025-06-07 00:16:58,729][httpx][INFO] - HTTP Request: POST http://localhost:11434/api/chat "HTTP/1.1 200 OK"
[2025-06-07 00:16:58,929][httpx][INFO] - HTTP Request: POST http://localhost:11434/api/chat "HTTP/1.1 200 OK"
[2025-06-07 00:16:59,177][httpx][INFO] - HTTP Request: POST http://localhost:11434/api/chat "HTTP/1.1 200 OK"
[2025-06-07 00:16:59,379][httpx][INFO] - HTTP Request: POST http://localhost:11434/api/chat "HTTP/1.1 200 OK"
[2025-06-07 00:16:59,559][httpx][INFO] - HTTP Request: POST http://localhost:11434/api/chat "HTTP/1.1 200 OK"
[2025-06-07 00:16:59,748][httpx][INFO] - HTTP Request: POST http://localhost:11434/api/chat "HTTP/1.1 200 OK"
[2025-06-07 00:16:59,938][httpx][INFO] - HTTP Request: POST http://localhost:11434/api/chat "HTTP/1.1 200 OK"
[2025-06-07 00:17:00,178][httpx][INFO] - HTTP Request: POST http://localhost:11434/api/chat "HTTP/1.1 200 OK"
[2025-06-07 00:17:00,368][httpx][INFO] - HTTP Request: POST http://localhost:11434/api/chat "HTTP/1.1 200 OK"
[2025-06-07 00:17:00,590][httpx][INFO] - HTTP Request: POST http://localhost:11434/api/chat "HTTP/1.1 200 OK"
[2025-06-07 00:17:00,788][httpx][INFO] - HTTP Request: POST http://localhost:11434/api/chat "HTTP/1.1 200 OK"
[2025-06-07 00:17:01,058][httpx][INFO] - HTTP Request: POST http://localhost:11434/api/chat "HTTP/1.1 200 OK"
[2025-06-07 00:17:01,284][httpx][INFO] - HTTP Request: POST http://localhost:11434/api/chat "HTTP/1.1 200 OK"
[2025-06-07 00:17:01,529][httpx][INFO] - HTTP Request: POST http://localhost:11434/api/chat "HTTP/1.1 200 OK"
[2025-06-07 00:17:01,740][httpx][INFO] - HTTP Request: POST http://localhost:11434/api/chat "HTTP/1.1 200 OK"
[2025-06-07 00:17:01,953][httpx][INFO] - HTTP Request: POST http://localhost:11434/api/chat "HTTP/1.1 200 OK"
[2025-06-07 00:17:02,220][httpx][INFO] - HTTP Request: POST http://localhost:11434/api/chat "HTTP/1.1 200 OK"
[2025-06-07 00:17:02,431][httpx][INFO] - HTTP Request: POST http://localhost:11434/api/chat "HTTP/1.1 200 OK"
[2025-06-07 00:17:02,643][httpx][INFO] - HTTP Request: POST http://localhost:11434/api/chat "HTTP/1.1 200 OK"
[2025-06-07 00:17:02,851][httpx][INFO] - HTTP Request: POST http://localhost:11434/api/chat "HTTP/1.1 200 OK"
[2025-06-07 00:17:03,031][httpx][INFO] - HTTP Request: POST http://localhost:11434/api/chat "HTTP/1.1 200 OK"
[2025-06-07 00:17:03,272][httpx][INFO] - HTTP Request: POST http://localhost:11434/api/chat "HTTP/1.1 200 OK"
[2025-06-07 00:17:03,462][httpx][INFO] - HTTP Request: POST http://localhost:11434/api/chat "HTTP/1.1 200 OK"
[2025-06-07 00:17:03,648][httpx][INFO] - HTTP Request: POST http://localhost:11434/api/chat "HTTP/1.1 200 OK"
[2025-06-07 00:17:03,919][httpx][INFO] - HTTP Request: POST http://localhost:11434/api/chat "HTTP/1.1 200 OK"
[2025-06-07 00:17:04,095][httpx][INFO] - HTTP Request: POST http://localhost:11434/api/chat "HTTP/1.1 200 OK"
[2025-06-07 00:17:04,274][httpx][INFO] - HTTP Request: POST http://localhost:11434/api/chat "HTTP/1.1 200 OK"
[2025-06-07 00:17:04,489][httpx][INFO] - HTTP Request: POST http://localhost:11434/api/chat "HTTP/1.1 200 OK"
[2025-06-07 00:17:04,699][httpx][INFO] - HTTP Request: POST http://localhost:11434/api/chat "HTTP/1.1 200 OK"
[2025-06-07 00:17:04,929][httpx][INFO] - HTTP Request: POST http://localhost:11434/api/chat "HTTP/1.1 200 OK"
[2025-06-07 00:17:05,105][httpx][INFO] - HTTP Request: POST http://localhost:11434/api/chat "HTTP/1.1 200 OK"
[2025-06-07 00:17:05,283][httpx][INFO] - HTTP Request: POST http://localhost:11434/api/chat "HTTP/1.1 200 OK"
[2025-06-07 00:17:05,470][httpx][INFO] - HTTP Request: POST http://localhost:11434/api/chat "HTTP/1.1 200 OK"
[2025-06-07 00:17:05,673][httpx][INFO] - HTTP Request: POST http://localhost:11434/api/chat "HTTP/1.1 200 OK"
[2025-06-07 00:17:05,883][httpx][INFO] - HTTP Request: POST http://localhost:11434/api/chat "HTTP/1.1 200 OK"
[2025-06-07 00:17:06,088][httpx][INFO] - HTTP Request: POST http://localhost:11434/api/chat "HTTP/1.1 200 OK"
[2025-06-07 00:17:06,271][httpx][INFO] - HTTP Request: POST http://localhost:11434/api/chat "HTTP/1.1 200 OK"
[2025-06-07 00:17:06,452][httpx][INFO] - HTTP Request: POST http://localhost:11434/api/chat "HTTP/1.1 200 OK"
[2025-06-07 00:17:06,629][httpx][INFO] - HTTP Request: POST http://localhost:11434/api/chat "HTTP/1.1 200 OK"
[2025-06-07 00:17:06,813][httpx][INFO] - HTTP Request: POST http://localhost:11434/api/chat "HTTP/1.1 200 OK"
[2025-06-07 00:17:07,029][httpx][INFO] - HTTP Request: POST http://localhost:11434/api/chat "HTTP/1.1 200 OK"
[2025-06-07 00:17:07,230][httpx][INFO] - HTTP Request: POST http://localhost:11434/api/chat "HTTP/1.1 200 OK"
[2025-06-07 00:17:07,487][httpx][INFO] - HTTP Request: POST http://localhost:11434/api/chat "HTTP/1.1 200 OK"
[2025-06-07 00:17:07,745][httpx][INFO] - HTTP Request: POST http://localhost:11434/api/chat "HTTP/1.1 200 OK"
[2025-06-07 00:17:07,948][httpx][INFO] - HTTP Request: POST http://localhost:11434/api/chat "HTTP/1.1 200 OK"
[2025-06-07 00:17:08,194][httpx][INFO] - HTTP Request: POST http://localhost:11434/api/chat "HTTP/1.1 200 OK"
[2025-06-07 00:17:08,418][httpx][INFO] - HTTP Request: POST http://localhost:11434/api/chat "HTTP/1.1 200 OK"
[2025-06-07 00:17:08,616][httpx][INFO] - HTTP Request: POST http://localhost:11434/api/chat "HTTP/1.1 200 OK"
[2025-06-07 00:17:08,828][httpx][INFO] - HTTP Request: POST http://localhost:11434/api/chat "HTTP/1.1 200 OK"
[2025-06-07 00:17:09,059][httpx][INFO] - HTTP Request: POST http://localhost:11434/api/chat "HTTP/1.1 200 OK"
[2025-06-07 00:17:09,276][httpx][INFO] - HTTP Request: POST http://localhost:11434/api/chat "HTTP/1.1 200 OK"
[2025-06-07 00:17:09,525][httpx][INFO] - HTTP Request: POST http://localhost:11434/api/chat "HTTP/1.1 200 OK"
[2025-06-07 00:17:09,751][httpx][INFO] - HTTP Request: POST http://localhost:11434/api/chat "HTTP/1.1 200 OK"
[2025-06-07 00:17:10,014][httpx][INFO] - HTTP Request: POST http://localhost:11434/api/chat "HTTP/1.1 200 OK"
[2025-06-07 00:17:10,251][httpx][INFO] - HTTP Request: POST http://localhost:11434/api/chat "HTTP/1.1 200 OK"
[2025-06-07 00:17:10,491][httpx][INFO] - HTTP Request: POST http://localhost:11434/api/chat "HTTP/1.1 200 OK"
[2025-06-07 00:17:11,667][httpx][INFO] - HTTP Request: POST http://localhost:11434/api/chat "HTTP/1.1 200 OK"
[2025-06-07 00:17:11,857][httpx][INFO] - HTTP Request: POST http://localhost:11434/api/chat "HTTP/1.1 200 OK"
[2025-06-07 00:17:12,091][httpx][INFO] - HTTP Request: POST http://localhost:11434/api/chat "HTTP/1.1 200 OK"
[2025-06-07 00:17:12,352][httpx][INFO] - HTTP Request: POST http://localhost:11434/api/chat "HTTP/1.1 200 OK"
[2025-06-07 00:17:12,627][httpx][INFO] - HTTP Request: POST http://localhost:11434/api/chat "HTTP/1.1 200 OK"
[2025-06-07 00:17:12,834][httpx][INFO] - HTTP Request: POST http://localhost:11434/api/chat "HTTP/1.1 200 OK"
[2025-06-07 00:17:13,081][httpx][INFO] - HTTP Request: POST http://localhost:11434/api/chat "HTTP/1.1 200 OK"
[2025-06-07 00:17:13,288][httpx][INFO] - HTTP Request: POST http://localhost:11434/api/chat "HTTP/1.1 200 OK"
[2025-06-07 00:17:13,484][httpx][INFO] - HTTP Request: POST http://localhost:11434/api/chat "HTTP/1.1 200 OK"
[2025-06-07 00:17:13,710][httpx][INFO] - HTTP Request: POST http://localhost:11434/api/chat "HTTP/1.1 200 OK"
[2025-06-07 00:17:13,918][httpx][INFO] - HTTP Request: POST http://localhost:11434/api/chat "HTTP/1.1 200 OK"
[2025-06-07 00:17:14,098][httpx][INFO] - HTTP Request: POST http://localhost:11434/api/chat "HTTP/1.1 200 OK"
[2025-06-07 00:17:14,294][httpx][INFO] - HTTP Request: POST http://localhost:11434/api/chat "HTTP/1.1 200 OK"
[2025-06-07 00:17:14,509][httpx][INFO] - HTTP Request: POST http://localhost:11434/api/chat "HTTP/1.1 200 OK"
[2025-06-07 00:17:14,686][httpx][INFO] - HTTP Request: POST http://localhost:11434/api/chat "HTTP/1.1 200 OK"
[2025-06-07 00:17:15,051][httpx][INFO] - HTTP Request: POST http://localhost:11434/api/chat "HTTP/1.1 200 OK"
[2025-06-07 00:17:15,252][httpx][INFO] - HTTP Request: POST http://localhost:11434/api/chat "HTTP/1.1 200 OK"
[2025-06-07 00:17:15,524][httpx][INFO] - HTTP Request: POST http://localhost:11434/api/chat "HTTP/1.1 200 OK"
[2025-06-07 00:17:15,750][httpx][INFO] - HTTP Request: POST http://localhost:11434/api/chat "HTTP/1.1 200 OK"
[2025-06-07 00:17:15,760][__main__][INFO] - 
Classification Report:
                         precision    recall  f1-score   support

Limitation of liability       0.00      0.00      0.00         0
 Unilateral termination       0.00      0.00      0.00         3
      Unilateral change       0.00      0.00      0.00         2
        Content removal       0.00      0.00      0.00         0
      Contract by using       0.17      1.00      0.29         2
          Choice of law       0.00      0.00      0.00         0
           Jurisdiction       0.00      0.00      0.00         0
            Arbitration       0.50      1.00      0.67         1

              micro avg       0.03      0.38      0.06         8
              macro avg       0.08      0.25      0.12         8
           weighted avg       0.10      0.38      0.15         8
            samples avg       0.02      0.03      0.02         8

[2025-06-07 00:17:15,765][__main__][INFO] - Run complete. Metrics: {'accuracy': 0.56, 'micro_f1': 0.05714285714285714, 'macro_f1': 0.11904761904761904, 'micro_jaccard': np.float64(0.029411764705882353), 'macro_jaccard': np.float64(0.08333333333333333), 'hamming_score': 0.87625}
