[2025-06-07 00:12:08,202][sentence_transformers.SentenceTransformer][INFO] - Load pretrained SentenceTransformer: sentence-transformers/all-MiniLM-L6-v2
[2025-06-07 00:12:10,468][sentence_transformers.SentenceTransformer][INFO] - 2 prompts are loaded, with the keys: ['query', 'text']
[2025-06-07 00:12:23,969][llama_index.core.indices.loading][INFO] - Loading all indices.
[2025-06-07 00:12:24,226][httpx][INFO] - HTTP Request: POST http://localhost:11434/api/show "HTTP/1.1 200 OK"
[2025-06-07 00:12:29,502][httpx][INFO] - HTTP Request: POST http://localhost:11434/api/chat "HTTP/1.1 200 OK"
[2025-06-07 00:12:30,096][httpx][INFO] - HTTP Request: POST http://localhost:11434/api/chat "HTTP/1.1 200 OK"
[2025-06-07 00:12:30,726][httpx][INFO] - HTTP Request: POST http://localhost:11434/api/chat "HTTP/1.1 200 OK"
[2025-06-07 00:12:31,675][httpx][INFO] - HTTP Request: POST http://localhost:11434/api/chat "HTTP/1.1 200 OK"
[2025-06-07 00:12:32,409][httpx][INFO] - HTTP Request: POST http://localhost:11434/api/chat "HTTP/1.1 200 OK"
[2025-06-07 00:12:33,341][httpx][INFO] - HTTP Request: POST http://localhost:11434/api/chat "HTTP/1.1 200 OK"
[2025-06-07 00:12:34,581][httpx][INFO] - HTTP Request: POST http://localhost:11434/api/chat "HTTP/1.1 200 OK"
[2025-06-07 00:12:34,999][httpx][INFO] - HTTP Request: POST http://localhost:11434/api/chat "HTTP/1.1 200 OK"
[2025-06-07 00:12:35,968][httpx][INFO] - HTTP Request: POST http://localhost:11434/api/chat "HTTP/1.1 200 OK"
[2025-06-07 00:12:36,996][httpx][INFO] - HTTP Request: POST http://localhost:11434/api/chat "HTTP/1.1 200 OK"
[2025-06-07 00:12:37,925][httpx][INFO] - HTTP Request: POST http://localhost:11434/api/chat "HTTP/1.1 200 OK"
[2025-06-07 00:12:38,882][httpx][INFO] - HTTP Request: POST http://localhost:11434/api/chat "HTTP/1.1 200 OK"
[2025-06-07 00:12:39,815][httpx][INFO] - HTTP Request: POST http://localhost:11434/api/chat "HTTP/1.1 200 OK"
[2025-06-07 00:12:40,774][httpx][INFO] - HTTP Request: POST http://localhost:11434/api/chat "HTTP/1.1 200 OK"
[2025-06-07 00:12:41,714][httpx][INFO] - HTTP Request: POST http://localhost:11434/api/chat "HTTP/1.1 200 OK"
[2025-06-07 00:12:42,749][httpx][INFO] - HTTP Request: POST http://localhost:11434/api/chat "HTTP/1.1 200 OK"
[2025-06-07 00:12:43,366][httpx][INFO] - HTTP Request: POST http://localhost:11434/api/chat "HTTP/1.1 200 OK"
[2025-06-07 00:12:43,967][httpx][INFO] - HTTP Request: POST http://localhost:11434/api/chat "HTTP/1.1 200 OK"
[2025-06-07 00:12:44,956][httpx][INFO] - HTTP Request: POST http://localhost:11434/api/chat "HTTP/1.1 200 OK"
[2025-06-07 00:12:46,201][httpx][INFO] - HTTP Request: POST http://localhost:11434/api/chat "HTTP/1.1 200 OK"
[2025-06-07 00:12:46,675][httpx][INFO] - HTTP Request: POST http://localhost:11434/api/chat "HTTP/1.1 200 OK"
[2025-06-07 00:12:47,124][httpx][INFO] - HTTP Request: POST http://localhost:11434/api/chat "HTTP/1.1 200 OK"
[2025-06-07 00:12:48,233][httpx][INFO] - HTTP Request: POST http://localhost:11434/api/chat "HTTP/1.1 200 OK"
[2025-06-07 00:12:49,311][httpx][INFO] - HTTP Request: POST http://localhost:11434/api/chat "HTTP/1.1 200 OK"
[2025-06-07 00:12:50,107][httpx][INFO] - HTTP Request: POST http://localhost:11434/api/chat "HTTP/1.1 200 OK"
[2025-06-07 00:12:50,729][httpx][INFO] - HTTP Request: POST http://localhost:11434/api/chat "HTTP/1.1 200 OK"
[2025-06-07 00:12:54,069][httpx][INFO] - HTTP Request: POST http://localhost:11434/api/chat "HTTP/1.1 200 OK"
[2025-06-07 00:12:55,063][httpx][INFO] - HTTP Request: POST http://localhost:11434/api/chat "HTTP/1.1 200 OK"
[2025-06-07 00:12:55,750][httpx][INFO] - HTTP Request: POST http://localhost:11434/api/chat "HTTP/1.1 200 OK"
[2025-06-07 00:12:57,192][httpx][INFO] - HTTP Request: POST http://localhost:11434/api/chat "HTTP/1.1 200 OK"
[2025-06-07 00:12:58,200][httpx][INFO] - HTTP Request: POST http://localhost:11434/api/chat "HTTP/1.1 200 OK"
[2025-06-07 00:12:59,219][httpx][INFO] - HTTP Request: POST http://localhost:11434/api/chat "HTTP/1.1 200 OK"
[2025-06-07 00:12:59,919][httpx][INFO] - HTTP Request: POST http://localhost:11434/api/chat "HTTP/1.1 200 OK"
[2025-06-07 00:13:00,985][httpx][INFO] - HTTP Request: POST http://localhost:11434/api/chat "HTTP/1.1 200 OK"
[2025-06-07 00:13:01,643][httpx][INFO] - HTTP Request: POST http://localhost:11434/api/chat "HTTP/1.1 200 OK"
[2025-06-07 00:13:02,038][httpx][INFO] - HTTP Request: POST http://localhost:11434/api/chat "HTTP/1.1 200 OK"
[2025-06-07 00:13:02,760][httpx][INFO] - HTTP Request: POST http://localhost:11434/api/chat "HTTP/1.1 200 OK"
[2025-06-07 00:13:03,104][httpx][INFO] - HTTP Request: POST http://localhost:11434/api/chat "HTTP/1.1 200 OK"
[2025-06-07 00:13:04,144][httpx][INFO] - HTTP Request: POST http://localhost:11434/api/chat "HTTP/1.1 200 OK"
[2025-06-07 00:13:05,235][httpx][INFO] - HTTP Request: POST http://localhost:11434/api/chat "HTTP/1.1 200 OK"
[2025-06-07 00:13:06,255][httpx][INFO] - HTTP Request: POST http://localhost:11434/api/chat "HTTP/1.1 200 OK"
[2025-06-07 00:13:06,663][httpx][INFO] - HTTP Request: POST http://localhost:11434/api/chat "HTTP/1.1 200 OK"
[2025-06-07 00:13:07,610][httpx][INFO] - HTTP Request: POST http://localhost:11434/api/chat "HTTP/1.1 200 OK"
[2025-06-07 00:13:08,226][httpx][INFO] - HTTP Request: POST http://localhost:11434/api/chat "HTTP/1.1 200 OK"
[2025-06-07 00:13:09,217][httpx][INFO] - HTTP Request: POST http://localhost:11434/api/chat "HTTP/1.1 200 OK"
[2025-06-07 00:13:09,801][httpx][INFO] - HTTP Request: POST http://localhost:11434/api/chat "HTTP/1.1 200 OK"
[2025-06-07 00:13:10,462][httpx][INFO] - HTTP Request: POST http://localhost:11434/api/chat "HTTP/1.1 200 OK"
[2025-06-07 00:13:11,081][httpx][INFO] - HTTP Request: POST http://localhost:11434/api/chat "HTTP/1.1 200 OK"
[2025-06-07 00:13:11,546][httpx][INFO] - HTTP Request: POST http://localhost:11434/api/chat "HTTP/1.1 200 OK"
[2025-06-07 00:13:12,955][httpx][INFO] - HTTP Request: POST http://localhost:11434/api/chat "HTTP/1.1 200 OK"
[2025-06-07 00:13:13,685][httpx][INFO] - HTTP Request: POST http://localhost:11434/api/chat "HTTP/1.1 200 OK"
[2025-06-07 00:13:14,709][httpx][INFO] - HTTP Request: POST http://localhost:11434/api/chat "HTTP/1.1 200 OK"
[2025-06-07 00:13:15,343][httpx][INFO] - HTTP Request: POST http://localhost:11434/api/chat "HTTP/1.1 200 OK"
[2025-06-07 00:13:15,989][httpx][INFO] - HTTP Request: POST http://localhost:11434/api/chat "HTTP/1.1 200 OK"
[2025-06-07 00:13:16,513][httpx][INFO] - HTTP Request: POST http://localhost:11434/api/chat "HTTP/1.1 200 OK"
[2025-06-07 00:13:17,122][httpx][INFO] - HTTP Request: POST http://localhost:11434/api/chat "HTTP/1.1 200 OK"
[2025-06-07 00:13:18,315][httpx][INFO] - HTTP Request: POST http://localhost:11434/api/chat "HTTP/1.1 200 OK"
[2025-06-07 00:13:19,388][httpx][INFO] - HTTP Request: POST http://localhost:11434/api/chat "HTTP/1.1 200 OK"
[2025-06-07 00:13:20,831][httpx][INFO] - HTTP Request: POST http://localhost:11434/api/chat "HTTP/1.1 200 OK"
[2025-06-07 00:13:21,599][httpx][INFO] - HTTP Request: POST http://localhost:11434/api/chat "HTTP/1.1 200 OK"
[2025-06-07 00:13:22,496][httpx][INFO] - HTTP Request: POST http://localhost:11434/api/chat "HTTP/1.1 200 OK"
[2025-06-07 00:13:23,289][httpx][INFO] - HTTP Request: POST http://localhost:11434/api/chat "HTTP/1.1 200 OK"
[2025-06-07 00:13:23,671][httpx][INFO] - HTTP Request: POST http://localhost:11434/api/chat "HTTP/1.1 200 OK"
[2025-06-07 00:13:24,630][httpx][INFO] - HTTP Request: POST http://localhost:11434/api/chat "HTTP/1.1 200 OK"
[2025-06-07 00:13:25,326][httpx][INFO] - HTTP Request: POST http://localhost:11434/api/chat "HTTP/1.1 200 OK"
[2025-06-07 00:13:28,605][httpx][INFO] - HTTP Request: POST http://localhost:11434/api/chat "HTTP/1.1 200 OK"
[2025-06-07 00:13:29,801][httpx][INFO] - HTTP Request: POST http://localhost:11434/api/chat "HTTP/1.1 200 OK"
[2025-06-07 00:13:30,448][httpx][INFO] - HTTP Request: POST http://localhost:11434/api/chat "HTTP/1.1 200 OK"
[2025-06-07 00:13:31,108][httpx][INFO] - HTTP Request: POST http://localhost:11434/api/chat "HTTP/1.1 200 OK"
[2025-06-07 00:13:31,742][httpx][INFO] - HTTP Request: POST http://localhost:11434/api/chat "HTTP/1.1 200 OK"
[2025-06-07 00:13:32,870][httpx][INFO] - HTTP Request: POST http://localhost:11434/api/chat "HTTP/1.1 200 OK"
[2025-06-07 00:13:33,561][httpx][INFO] - HTTP Request: POST http://localhost:11434/api/chat "HTTP/1.1 200 OK"
[2025-06-07 00:13:34,223][httpx][INFO] - HTTP Request: POST http://localhost:11434/api/chat "HTTP/1.1 200 OK"
[2025-06-07 00:13:35,178][httpx][INFO] - HTTP Request: POST http://localhost:11434/api/chat "HTTP/1.1 200 OK"
[2025-06-07 00:13:36,094][httpx][INFO] - HTTP Request: POST http://localhost:11434/api/chat "HTTP/1.1 200 OK"
[2025-06-07 00:13:37,281][httpx][INFO] - HTTP Request: POST http://localhost:11434/api/chat "HTTP/1.1 200 OK"
[2025-06-07 00:13:38,199][httpx][INFO] - HTTP Request: POST http://localhost:11434/api/chat "HTTP/1.1 200 OK"
[2025-06-07 00:13:38,837][httpx][INFO] - HTTP Request: POST http://localhost:11434/api/chat "HTTP/1.1 200 OK"
[2025-06-07 00:13:39,721][httpx][INFO] - HTTP Request: POST http://localhost:11434/api/chat "HTTP/1.1 200 OK"
[2025-06-07 00:13:40,338][httpx][INFO] - HTTP Request: POST http://localhost:11434/api/chat "HTTP/1.1 200 OK"
[2025-06-07 00:13:40,919][httpx][INFO] - HTTP Request: POST http://localhost:11434/api/chat "HTTP/1.1 200 OK"
[2025-06-07 00:13:41,819][httpx][INFO] - HTTP Request: POST http://localhost:11434/api/chat "HTTP/1.1 200 OK"
[2025-06-07 00:13:42,673][httpx][INFO] - HTTP Request: POST http://localhost:11434/api/chat "HTTP/1.1 200 OK"
[2025-06-07 00:13:43,546][httpx][INFO] - HTTP Request: POST http://localhost:11434/api/chat "HTTP/1.1 200 OK"
[2025-06-07 00:13:44,493][httpx][INFO] - HTTP Request: POST http://localhost:11434/api/chat "HTTP/1.1 200 OK"
[2025-06-07 00:13:45,494][httpx][INFO] - HTTP Request: POST http://localhost:11434/api/chat "HTTP/1.1 200 OK"
[2025-06-07 00:13:46,544][httpx][INFO] - HTTP Request: POST http://localhost:11434/api/chat "HTTP/1.1 200 OK"
[2025-06-07 00:13:47,660][httpx][INFO] - HTTP Request: POST http://localhost:11434/api/chat "HTTP/1.1 200 OK"
[2025-06-07 00:13:48,445][httpx][INFO] - HTTP Request: POST http://localhost:11434/api/chat "HTTP/1.1 200 OK"
[2025-06-07 00:13:49,362][httpx][INFO] - HTTP Request: POST http://localhost:11434/api/chat "HTTP/1.1 200 OK"
[2025-06-07 00:13:50,424][httpx][INFO] - HTTP Request: POST http://localhost:11434/api/chat "HTTP/1.1 200 OK"
[2025-06-07 00:13:50,986][httpx][INFO] - HTTP Request: POST http://localhost:11434/api/chat "HTTP/1.1 200 OK"
[2025-06-07 00:13:51,902][httpx][INFO] - HTTP Request: POST http://localhost:11434/api/chat "HTTP/1.1 200 OK"
[2025-06-07 00:13:52,465][httpx][INFO] - HTTP Request: POST http://localhost:11434/api/chat "HTTP/1.1 200 OK"
[2025-06-07 00:13:53,390][httpx][INFO] - HTTP Request: POST http://localhost:11434/api/chat "HTTP/1.1 200 OK"
[2025-06-07 00:13:53,981][httpx][INFO] - HTTP Request: POST http://localhost:11434/api/chat "HTTP/1.1 200 OK"
[2025-06-07 00:13:54,567][httpx][INFO] - HTTP Request: POST http://localhost:11434/api/chat "HTTP/1.1 200 OK"
[2025-06-07 00:13:55,211][httpx][INFO] - HTTP Request: POST http://localhost:11434/api/chat "HTTP/1.1 200 OK"
[2025-06-07 00:13:56,142][httpx][INFO] - HTTP Request: POST http://localhost:11434/api/chat "HTTP/1.1 200 OK"
[2025-06-07 00:13:56,838][httpx][INFO] - HTTP Request: POST http://localhost:11434/api/chat "HTTP/1.1 200 OK"
[2025-06-07 00:13:56,855][__main__][INFO] - 
Classification Report:
                         precision    recall  f1-score   support

Limitation of liability       0.00      0.00      0.00         0
 Unilateral termination       0.00      0.00      0.00         3
      Unilateral change       0.00      0.00      0.00         2
        Content removal       0.00      0.00      0.00         0
      Contract by using       0.00      0.00      0.00         2
          Choice of law       0.00      0.00      0.00         0
           Jurisdiction       0.00      0.00      0.00         0
            Arbitration       0.00      0.00      0.00         1

              micro avg       0.00      0.00      0.00         8
              macro avg       0.00      0.00      0.00         8
           weighted avg       0.00      0.00      0.00         8
            samples avg       0.00      0.00      0.00         8

[2025-06-07 00:13:56,863][__main__][INFO] - Run complete. Metrics: {'accuracy': 0.93, 'micro_f1': 0.0, 'macro_f1': 0.0, 'micro_jaccard': np.float64(0.0), 'macro_jaccard': np.float64(0.0), 'hamming_score': 0.99}
